<?xml version="1.0" encoding="utf-8"?>
<testsuites>
<testsuite package="org.eslint" time="0" tests="12" errors="12" name="./source/stylesheets/layout/_footer.scss">
<testcase time="0" name="org.eslint.no-color-literals"><failure message="Color functions such as &#39;rgba&#39; should not be passed to functions, use variables"><![CDATA[line 108, col 46, Error - Color functions such as &#39;rgba&#39; should not be passed to functions, use variables (no-color-literals)]]></failure></testcase>
<testcase time="0" name="org.eslint.space-after-comma"><failure message="Commas should be followed by a space"><![CDATA[line 108, col 53, Warning - Commas should be followed by a space (space-after-comma)]]></failure></testcase>
<testcase time="0" name="org.eslint.space-after-comma"><failure message="Commas should be followed by a space"><![CDATA[line 108, col 56, Warning - Commas should be followed by a space (space-after-comma)]]></failure></testcase>
<testcase time="0" name="org.eslint.space-after-comma"><failure message="Commas should be followed by a space"><![CDATA[line 108, col 60, Warning - Commas should be followed by a space (space-after-comma)]]></failure></testcase>
<testcase time="0" name="org.eslint.no-color-literals"><failure message="Color functions such as &#39;rgba&#39; should not be passed to functions, use variables"><![CDATA[line 108, col 68, Error - Color functions such as &#39;rgba&#39; should not be passed to functions, use variables (no-color-literals)]]></failure></testcase>
<testcase time="0" name="org.eslint.space-after-comma"><failure message="Commas should be followed by a space"><![CDATA[line 108, col 76, Warning - Commas should be followed by a space (space-after-comma)]]></failure></testcase>
<testcase time="0" name="org.eslint.space-after-comma"><failure message="Commas should be followed by a space"><![CDATA[line 108, col 80, Warning - Commas should be followed by a space (space-after-comma)]]></failure></testcase>
<testcase time="0" name="org.eslint.space-after-comma"><failure message="Commas should be followed by a space"><![CDATA[line 108, col 84, Warning - Commas should be followed by a space (space-after-comma)]]></failure></testcase>
<testcase time="0" name="org.eslint.no-color-literals"><failure message="Color functions such as &#39;rgba&#39; should not be passed to functions, use variables"><![CDATA[line 108, col 93, Error - Color functions such as &#39;rgba&#39; should not be passed to functions, use variables (no-color-literals)]]></failure></testcase>
<testcase time="0" name="org.eslint.space-after-comma"><failure message="Commas should be followed by a space"><![CDATA[line 108, col 100, Warning - Commas should be followed by a space (space-after-comma)]]></failure></testcase>
<testcase time="0" name="org.eslint.space-after-comma"><failure message="Commas should be followed by a space"><![CDATA[line 108, col 103, Warning - Commas should be followed by a space (space-after-comma)]]></failure></testcase>
<testcase time="0" name="org.eslint.space-after-comma"><failure message="Commas should be followed by a space"><![CDATA[line 108, col 107, Warning - Commas should be followed by a space (space-after-comma)]]></failure></testcase>
</testsuite>
</testsuites>
